TN:verilator_coverage
SF:rtl/dut_wrapper.sv
DA:2,796292
BRDA:2,0,0,796292
BRDA:2,0,1,796281
DA:5,485
BRDA:5,0,0,485
BRDA:5,0,1,485
DA:6,295141
BRDA:6,0,0,295141
BRDA:6,0,1,295140
DA:7,92721
BRDA:7,0,0,92721
BRDA:7,0,1,92716
BRDA:7,0,2,90927
BRDA:7,0,3,90921
BRDA:7,0,4,91320
BRDA:7,0,5,91315
BRDA:7,0,6,80347
BRDA:7,0,7,80340
BRDA:7,0,8,82751
BRDA:7,0,9,82749
BRDA:7,0,10,79991
BRDA:7,0,11,79988
BRDA:7,0,12,77975
BRDA:7,0,13,77972
BRDA:7,0,14,77457
BRDA:7,0,15,77453
DA:8,92377
BRDA:8,0,0,92377
BRDA:8,0,1,92373
BRDA:8,0,2,91208
BRDA:8,0,3,91203
BRDA:8,0,4,91241
BRDA:8,0,5,91235
BRDA:8,0,6,80294
BRDA:8,0,7,80288
BRDA:8,0,8,82873
BRDA:8,0,9,82868
BRDA:8,0,10,80411
BRDA:8,0,11,80408
BRDA:8,0,12,77717
BRDA:8,0,13,77714
BRDA:8,0,14,77615
BRDA:8,0,15,77610
DA:11,94979
BRDA:11,0,0,92707
BRDA:11,0,1,92702
BRDA:11,0,2,92534
BRDA:11,0,3,92527
BRDA:11,0,4,92686
BRDA:11,0,5,92680
BRDA:11,0,6,92438
BRDA:11,0,7,92431
BRDA:11,0,8,92505
BRDA:11,0,9,92497
BRDA:11,0,10,94979
BRDA:11,0,11,94975
BRDA:11,0,12,92369
BRDA:11,0,13,92363
BRDA:11,0,14,90037
BRDA:11,0,15,90035
BRDA:11,0,16,89905
BRDA:11,0,17,89901
DA:12,92736
BRDA:12,0,0,86595
BRDA:12,0,1,86591
BRDA:12,0,2,88446
BRDA:12,0,3,88443
BRDA:12,0,4,89408
BRDA:12,0,5,89402
BRDA:12,0,6,84807
BRDA:12,0,7,84801
BRDA:12,0,8,79147
BRDA:12,0,9,79140
BRDA:12,0,10,76411
BRDA:12,0,11,76407
BRDA:12,0,12,73898
BRDA:12,0,13,73894
BRDA:12,0,14,71256
BRDA:12,0,15,71253
BRDA:12,0,16,92736
BRDA:12,0,17,92733
DA:15,499
BRDA:15,0,0,499
BRDA:15,0,1,499
DA:16,245107
BRDA:16,0,0,245107
BRDA:16,0,1,245105
DA:17,80134
BRDA:17,0,0,79896
BRDA:17,0,1,79891
BRDA:17,0,2,80104
BRDA:17,0,3,80098
BRDA:17,0,4,80116
BRDA:17,0,5,80111
BRDA:17,0,6,80134
BRDA:17,0,7,80129
BRDA:17,0,8,79826
BRDA:17,0,9,79823
BRDA:17,0,10,67554
BRDA:17,0,11,67550
BRDA:17,0,12,67672
BRDA:17,0,13,67669
BRDA:17,0,14,67803
BRDA:17,0,15,67801
DA:18,80023
BRDA:18,0,0,80023
BRDA:18,0,1,80019
BRDA:18,0,2,79904
BRDA:18,0,3,79899
BRDA:18,0,4,79928
BRDA:18,0,5,79923
BRDA:18,0,6,77659
BRDA:18,0,7,77656
BRDA:18,0,8,74752
BRDA:18,0,9,74749
BRDA:18,0,10,74949
BRDA:18,0,11,74947
BRDA:18,0,12,67535
BRDA:18,0,13,67532
BRDA:18,0,14,67768
BRDA:18,0,15,67763
DA:19,80301
BRDA:19,0,0,80301
BRDA:19,0,1,80300
BRDA:19,0,2,80208
BRDA:19,0,3,80203
BRDA:19,0,4,80063
BRDA:19,0,5,80060
BRDA:19,0,6,79944
BRDA:19,0,7,79942
BRDA:19,0,8,78222
BRDA:19,0,9,78218
BRDA:19,0,10,67632
BRDA:19,0,11,67628
BRDA:19,0,12,67741
BRDA:19,0,13,67738
BRDA:19,0,14,67732
BRDA:19,0,15,67728
BRDA:19,0,16,67615
BRDA:19,0,17,67612
DA:20,83633
BRDA:20,0,0,72847
BRDA:20,0,1,72842
BRDA:20,0,2,74020
BRDA:20,0,3,74014
BRDA:20,0,4,71877
BRDA:20,0,5,71874
BRDA:20,0,6,72275
BRDA:20,0,7,72271
BRDA:20,0,8,66774
BRDA:20,0,9,66770
BRDA:20,0,10,83633
BRDA:20,0,11,83631
BRDA:20,0,12,75045
BRDA:20,0,13,75043
BRDA:20,0,14,68344
BRDA:20,0,15,68342
BRDA:20,0,16,64303
BRDA:20,0,17,64301
BRF:146
BRH:146
end_of_record
SF:rtl/top_level.sv
DA:4,796292
BRDA:4,0,0,796292
BRDA:4,0,1,796281
DA:7,485
BRDA:7,0,0,485
BRDA:7,0,1,485
DA:8,295141
BRDA:8,0,0,295141
BRDA:8,0,1,295140
DA:9,92721
BRDA:9,0,0,92721
BRDA:9,0,1,92716
BRDA:9,0,2,90927
BRDA:9,0,3,90921
BRDA:9,0,4,91320
BRDA:9,0,5,91315
BRDA:9,0,6,80347
BRDA:9,0,7,80340
BRDA:9,0,8,82751
BRDA:9,0,9,82749
BRDA:9,0,10,79991
BRDA:9,0,11,79988
BRDA:9,0,12,77975
BRDA:9,0,13,77972
BRDA:9,0,14,77457
BRDA:9,0,15,77453
DA:10,92377
BRDA:10,0,0,92377
BRDA:10,0,1,92373
BRDA:10,0,2,91208
BRDA:10,0,3,91203
BRDA:10,0,4,91241
BRDA:10,0,5,91235
BRDA:10,0,6,80294
BRDA:10,0,7,80288
BRDA:10,0,8,82873
BRDA:10,0,9,82868
BRDA:10,0,10,80411
BRDA:10,0,11,80408
BRDA:10,0,12,77717
BRDA:10,0,13,77714
BRDA:10,0,14,77615
BRDA:10,0,15,77610
DA:11,94979
BRDA:11,0,0,92707
BRDA:11,0,1,92702
BRDA:11,0,2,92534
BRDA:11,0,3,92527
BRDA:11,0,4,92686
BRDA:11,0,5,92680
BRDA:11,0,6,92438
BRDA:11,0,7,92431
BRDA:11,0,8,92505
BRDA:11,0,9,92497
BRDA:11,0,10,94979
BRDA:11,0,11,94975
BRDA:11,0,12,92369
BRDA:11,0,13,92363
BRDA:11,0,14,90037
BRDA:11,0,15,90035
BRDA:11,0,16,89905
BRDA:11,0,17,89901
DA:12,92736
BRDA:12,0,0,86595
BRDA:12,0,1,86591
BRDA:12,0,2,88446
BRDA:12,0,3,88443
BRDA:12,0,4,89408
BRDA:12,0,5,89402
BRDA:12,0,6,84807
BRDA:12,0,7,84801
BRDA:12,0,8,79147
BRDA:12,0,9,79140
BRDA:12,0,10,76411
BRDA:12,0,11,76407
BRDA:12,0,12,73898
BRDA:12,0,13,73894
BRDA:12,0,14,71256
BRDA:12,0,15,71253
BRDA:12,0,16,92736
BRDA:12,0,17,92733
DA:15,499
BRDA:15,0,0,499
BRDA:15,0,1,499
DA:16,245107
BRDA:16,0,0,245107
BRDA:16,0,1,245105
DA:17,80134
BRDA:17,0,0,79896
BRDA:17,0,1,79891
BRDA:17,0,2,80104
BRDA:17,0,3,80098
BRDA:17,0,4,80116
BRDA:17,0,5,80111
BRDA:17,0,6,80134
BRDA:17,0,7,80129
BRDA:17,0,8,79826
BRDA:17,0,9,79823
BRDA:17,0,10,67554
BRDA:17,0,11,67550
BRDA:17,0,12,67672
BRDA:17,0,13,67669
BRDA:17,0,14,67803
BRDA:17,0,15,67801
DA:18,80023
BRDA:18,0,0,80023
BRDA:18,0,1,80019
BRDA:18,0,2,79904
BRDA:18,0,3,79899
BRDA:18,0,4,79928
BRDA:18,0,5,79923
BRDA:18,0,6,77659
BRDA:18,0,7,77656
BRDA:18,0,8,74752
BRDA:18,0,9,74749
BRDA:18,0,10,74949
BRDA:18,0,11,74947
BRDA:18,0,12,67535
BRDA:18,0,13,67532
BRDA:18,0,14,67768
BRDA:18,0,15,67763
DA:19,80301
BRDA:19,0,0,80301
BRDA:19,0,1,80300
BRDA:19,0,2,80208
BRDA:19,0,3,80203
BRDA:19,0,4,80063
BRDA:19,0,5,80060
BRDA:19,0,6,79944
BRDA:19,0,7,79942
BRDA:19,0,8,78222
BRDA:19,0,9,78218
BRDA:19,0,10,67632
BRDA:19,0,11,67628
BRDA:19,0,12,67741
BRDA:19,0,13,67738
BRDA:19,0,14,67732
BRDA:19,0,15,67728
BRDA:19,0,16,67615
BRDA:19,0,17,67612
DA:20,83633
BRDA:20,0,0,72847
BRDA:20,0,1,72842
BRDA:20,0,2,74020
BRDA:20,0,3,74014
BRDA:20,0,4,71877
BRDA:20,0,5,71874
BRDA:20,0,6,72275
BRDA:20,0,7,72271
BRDA:20,0,8,66774
BRDA:20,0,9,66770
BRDA:20,0,10,83633
BRDA:20,0,11,83631
BRDA:20,0,12,75045
BRDA:20,0,13,75043
BRDA:20,0,14,68344
BRDA:20,0,15,68342
BRDA:20,0,16,64303
BRDA:20,0,17,64301
DA:24,796292
DA:25,495
DA:26,495
DA:27,450652
BRDA:27,0,0,345145
BRDA:27,0,1,450652
DA:28,345145
DA:34,796292
DA:35,507
DA:36,507
DA:37,500677
BRDA:37,0,0,295108
BRDA:37,0,1,500677
DA:38,295108
DA:49,11
DA:50,11
DA:51,11
BRF:150
BRH:150
end_of_record
