TN:verilator_coverage
SF:rtl/dut_wrapper.sv
DA:2,6420
BRDA:2,0,0,6420
BRDA:2,0,1,6409
DA:5,34
BRDA:5,0,0,34
BRDA:5,0,1,34
DA:6,1917
BRDA:6,0,0,1917
BRDA:6,0,1,1916
DA:7,723
BRDA:7,0,0,722
BRDA:7,0,1,717
BRDA:7,0,2,707
BRDA:7,0,3,701
BRDA:7,0,4,712
BRDA:7,0,5,708
BRDA:7,0,6,699
BRDA:7,0,7,694
BRDA:7,0,8,723
BRDA:7,0,9,718
BRDA:7,0,10,715
BRDA:7,0,11,711
BRDA:7,0,12,684
BRDA:7,0,13,680
BRDA:7,0,14,683
BRDA:7,0,15,680
DA:8,761
BRDA:8,0,0,727
BRDA:8,0,1,721
BRDA:8,0,2,704
BRDA:8,0,3,700
BRDA:8,0,4,727
BRDA:8,0,5,722
BRDA:8,0,6,699
BRDA:8,0,7,695
BRDA:8,0,8,761
BRDA:8,0,9,755
BRDA:8,0,10,739
BRDA:8,0,11,735
BRDA:8,0,12,696
BRDA:8,0,13,692
BRDA:8,0,14,702
BRDA:8,0,15,695
DA:11,747
BRDA:11,0,0,747
BRDA:11,0,1,744
BRDA:11,0,2,723
BRDA:11,0,3,715
BRDA:11,0,4,723
BRDA:11,0,5,717
BRDA:11,0,6,714
BRDA:11,0,7,706
BRDA:11,0,8,717
BRDA:11,0,9,710
BRDA:11,0,10,745
BRDA:11,0,11,740
BRDA:11,0,12,721
BRDA:11,0,13,718
BRDA:11,0,14,677
BRDA:11,0,15,671
BRDA:11,0,16,705
BRDA:11,0,17,701
DA:12,484
BRDA:12,0,0,476
BRDA:12,0,1,472
BRDA:12,0,2,471
BRDA:12,0,3,466
BRDA:12,0,4,484
BRDA:12,0,5,475
BRDA:12,0,6,456
BRDA:12,0,7,452
BRDA:12,0,8,472
BRDA:12,0,9,468
BRDA:12,0,10,460
BRDA:12,0,11,456
BRDA:12,0,12,460
BRDA:12,0,13,457
BRDA:12,0,14,438
BRDA:12,0,15,435
BRDA:12,0,16,418
BRDA:12,0,17,414
DA:15,32
BRDA:15,0,0,32
BRDA:15,0,1,32
DA:16,1407
BRDA:16,0,0,1407
BRDA:16,0,1,1405
DA:17,601
BRDA:17,0,0,590
BRDA:17,0,1,585
BRDA:17,0,2,601
BRDA:17,0,3,596
BRDA:17,0,4,593
BRDA:17,0,5,588
BRDA:17,0,6,580
BRDA:17,0,7,575
BRDA:17,0,8,582
BRDA:17,0,9,580
BRDA:17,0,10,587
BRDA:17,0,11,583
BRDA:17,0,12,556
BRDA:17,0,13,553
BRDA:17,0,14,585
BRDA:17,0,15,584
DA:18,613
BRDA:18,0,0,611
BRDA:18,0,1,606
BRDA:18,0,2,613
BRDA:18,0,3,607
BRDA:18,0,4,608
BRDA:18,0,5,604
BRDA:18,0,6,591
BRDA:18,0,7,587
BRDA:18,0,8,601
BRDA:18,0,9,597
BRDA:18,0,10,591
BRDA:18,0,11,588
BRDA:18,0,12,592
BRDA:18,0,13,588
BRDA:18,0,14,596
BRDA:18,0,15,592
DA:19,634
BRDA:19,0,0,634
BRDA:19,0,1,632
BRDA:19,0,2,592
BRDA:19,0,3,589
BRDA:19,0,4,604
BRDA:19,0,5,599
BRDA:19,0,6,601
BRDA:19,0,7,599
BRDA:19,0,8,594
BRDA:19,0,9,592
BRDA:19,0,10,583
BRDA:19,0,11,581
BRDA:19,0,12,589
BRDA:19,0,13,587
BRDA:19,0,14,579
BRDA:19,0,15,577
BRDA:19,0,16,587
BRDA:19,0,17,583
DA:20,363
BRDA:20,0,0,363
BRDA:20,0,1,358
BRDA:20,0,2,347
BRDA:20,0,3,345
BRDA:20,0,4,352
BRDA:20,0,5,347
BRDA:20,0,6,349
BRDA:20,0,7,344
BRDA:20,0,8,345
BRDA:20,0,9,342
BRDA:20,0,10,348
BRDA:20,0,11,347
BRDA:20,0,12,347
BRDA:20,0,13,346
BRDA:20,0,14,347
BRDA:20,0,15,345
BRDA:20,0,16,330
BRDA:20,0,17,326
BRF:146
BRH:146
end_of_record
SF:rtl/top_level.sv
DA:4,6420
BRDA:4,0,0,6420
BRDA:4,0,1,6409
DA:7,34
BRDA:7,0,0,34
BRDA:7,0,1,34
DA:8,1917
BRDA:8,0,0,1917
BRDA:8,0,1,1916
DA:9,723
BRDA:9,0,0,722
BRDA:9,0,1,717
BRDA:9,0,2,707
BRDA:9,0,3,701
BRDA:9,0,4,712
BRDA:9,0,5,708
BRDA:9,0,6,699
BRDA:9,0,7,694
BRDA:9,0,8,723
BRDA:9,0,9,718
BRDA:9,0,10,715
BRDA:9,0,11,711
BRDA:9,0,12,684
BRDA:9,0,13,680
BRDA:9,0,14,683
BRDA:9,0,15,680
DA:10,761
BRDA:10,0,0,727
BRDA:10,0,1,721
BRDA:10,0,2,704
BRDA:10,0,3,700
BRDA:10,0,4,727
BRDA:10,0,5,722
BRDA:10,0,6,699
BRDA:10,0,7,695
BRDA:10,0,8,761
BRDA:10,0,9,755
BRDA:10,0,10,739
BRDA:10,0,11,735
BRDA:10,0,12,696
BRDA:10,0,13,692
BRDA:10,0,14,702
BRDA:10,0,15,695
DA:11,747
BRDA:11,0,0,747
BRDA:11,0,1,744
BRDA:11,0,2,723
BRDA:11,0,3,715
BRDA:11,0,4,723
BRDA:11,0,5,717
BRDA:11,0,6,714
BRDA:11,0,7,706
BRDA:11,0,8,717
BRDA:11,0,9,710
BRDA:11,0,10,745
BRDA:11,0,11,740
BRDA:11,0,12,721
BRDA:11,0,13,718
BRDA:11,0,14,677
BRDA:11,0,15,671
BRDA:11,0,16,705
BRDA:11,0,17,701
DA:12,484
BRDA:12,0,0,476
BRDA:12,0,1,472
BRDA:12,0,2,471
BRDA:12,0,3,466
BRDA:12,0,4,484
BRDA:12,0,5,475
BRDA:12,0,6,456
BRDA:12,0,7,452
BRDA:12,0,8,472
BRDA:12,0,9,468
BRDA:12,0,10,460
BRDA:12,0,11,456
BRDA:12,0,12,460
BRDA:12,0,13,457
BRDA:12,0,14,438
BRDA:12,0,15,435
BRDA:12,0,16,418
BRDA:12,0,17,414
DA:15,32
BRDA:15,0,0,32
BRDA:15,0,1,32
DA:16,1407
BRDA:16,0,0,1407
BRDA:16,0,1,1405
DA:17,601
BRDA:17,0,0,590
BRDA:17,0,1,585
BRDA:17,0,2,601
BRDA:17,0,3,596
BRDA:17,0,4,593
BRDA:17,0,5,588
BRDA:17,0,6,580
BRDA:17,0,7,575
BRDA:17,0,8,582
BRDA:17,0,9,580
BRDA:17,0,10,587
BRDA:17,0,11,583
BRDA:17,0,12,556
BRDA:17,0,13,553
BRDA:17,0,14,585
BRDA:17,0,15,584
DA:18,613
BRDA:18,0,0,611
BRDA:18,0,1,606
BRDA:18,0,2,613
BRDA:18,0,3,607
BRDA:18,0,4,608
BRDA:18,0,5,604
BRDA:18,0,6,591
BRDA:18,0,7,587
BRDA:18,0,8,601
BRDA:18,0,9,597
BRDA:18,0,10,591
BRDA:18,0,11,588
BRDA:18,0,12,592
BRDA:18,0,13,588
BRDA:18,0,14,596
BRDA:18,0,15,592
DA:19,634
BRDA:19,0,0,634
BRDA:19,0,1,632
BRDA:19,0,2,592
BRDA:19,0,3,589
BRDA:19,0,4,604
BRDA:19,0,5,599
BRDA:19,0,6,601
BRDA:19,0,7,599
BRDA:19,0,8,594
BRDA:19,0,9,592
BRDA:19,0,10,583
BRDA:19,0,11,581
BRDA:19,0,12,589
BRDA:19,0,13,587
BRDA:19,0,14,579
BRDA:19,0,15,577
BRDA:19,0,16,587
BRDA:19,0,17,583
DA:20,363
BRDA:20,0,0,363
BRDA:20,0,1,358
BRDA:20,0,2,347
BRDA:20,0,3,345
BRDA:20,0,4,352
BRDA:20,0,5,347
BRDA:20,0,6,349
BRDA:20,0,7,344
BRDA:20,0,8,345
BRDA:20,0,9,342
BRDA:20,0,10,348
BRDA:20,0,11,347
BRDA:20,0,12,347
BRDA:20,0,13,346
BRDA:20,0,14,347
BRDA:20,0,15,345
BRDA:20,0,16,330
BRDA:20,0,17,326
DA:24,6420
DA:25,44
DA:26,44
DA:27,4435
BRDA:27,0,0,1941
BRDA:27,0,1,4435
DA:28,1941
DA:34,6420
DA:35,40
DA:36,40
DA:37,4952
BRDA:37,0,0,1428
BRDA:37,0,1,4952
DA:38,1428
DA:43,11
DA:44,11
DA:45,11
DA:46,11
DA:49,11
DA:50,11
DA:51,11
BRF:150
BRH:150
end_of_record
